Removed Pin From Net: NetName=+5V Pin=C2-1
Removed Pin From Net: NetName=GND Pin=C2-2
Removed Pin From Net: NetName=NetDS1_1 Pin=R1-1
Removed Pin From Net: NetName=NetDS2_1 Pin=R2-1
Removed Pin From Net: NetName=LED_COM Pin=R2-2
Removed Pin From Net: NetName=VBAT Pin=R3-1
Removed Pin From Net: NetName=GND Pin=R4-1
Removed Member From Class: ClassName=Energia Member=C2
Removed Member From Class: ClassName=Energia Member=R1
Removed Member From Class: ClassName=Energia Member=R2
Removed Member From Class: ClassName=Energia Member=R3
Removed Member From Class: ClassName=Energia Member=R4
Add Component: Footprint Not Found CAP0805
Add Component: Footprint Not Found RES0805
Add Component: Footprint Not Found RES0805
Add Component: Footprint Not Found RES0805
Add Component: Footprint Not Found RES0805
Add Pin To Net: Unknown Pin: Pin C?-1
Add Pin To Net: Unknown Pin: Pin C?-2
Add Pin To Net: Unknown Pin: Pin R?-1
Add Pin To Net: Unknown Pin: Pin R?-1
Add Pin To Net: Unknown Pin: Pin R?-1
Add Pin To Net: Unknown Pin: Pin R?-2
Add Pin To Net: Unknown Pin: Pin R?-2
Added Pin To Net: NetName=NetR?_1 Pin=U1-5
Added Net: Name=NetR?_1
Added Pin To Net: NetName=NetR?_2 Pin=U1-9
Added Net: Name=NetR?_2
Add Class Member: Failed to add class member : Component C? Cap
Add Class Member: Failed to add class member : Component R? Res1
Add Class Member: Failed to add class member : Component R? Res3
Add Class Member: Failed to add class member : Component R? Res3
Add Class Member: Failed to add class member : Component R? Res1
