Removed Pin From Net: NetName=+3V3A1 Pin=U3-1
Removed Pin From Net: NetName=+3V3B1 Pin=U3-2
Removed Pin From Net: NetName=NetU1_19 Pin=U3-3
Removed Pin From Net: NetName=GND Pin=U3-7
Removed Pin From Net: NetName=NetU1_20 Pin=U3-8
Removed Pin From Net: NetName=+3V3A2 Pin=U3-9
Removed Pin From Net: NetName=+3V3B2 Pin=U3-10
Removed Pin From Net: NetName=+3V Pin=U3-14
Removed Member From Class: ClassName=Energia Member=U3
Added Component: Designator=U?(N0014A)
Added Component: Designator=U?(N0014A)
Added Component: Designator=U?(N0014A)
Added Pin To Net: NetName=+3V3A1 Pin=U?-1
Added Pin To Net: NetName=+3V3B1 Pin=U?-2
Added Pin To Net: NetName=NetU1_19 Pin=U?-3
Added Pin To Net: NetName=GND Pin=U?-7
Added Pin To Net: NetName=NetU1_20 Pin=U?-8
Added Pin To Net: NetName=+3V3A2 Pin=U?-9
Added Pin To Net: NetName=+3V3B2 Pin=U?-10
Added Pin To Net: NetName=+3V Pin=U?-14
Added Member To Class: ClassName=Energia Member=Component U? SN74HC86N
Added Member To Class: ClassName=Energia Member=Component U? SN74HC86N
Added Member To Class: ClassName=Energia Member=Component U? SN74HC86N
