Removed Member From Class: ClassName=Energia Member=U8
Change Component Designator: OldDesignator=C5 NewDesignator=C7
Change Component Designator: OldDesignator=C6 NewDesignator=C8
Change Component Designator: OldDesignator=C7 NewDesignator=C5
Change Component Designator: OldDesignator=C8 NewDesignator=C6
Change Component Designator: OldDesignator=U2 NewDesignator=U3
Change Component Designator: OldDesignator=U7 NewDesignator=U1
Change Component Designator: OldDesignator=U8 NewDesignator=U2
Added Component: Designator=R3(RESC0402(1005)_L)
Add component (AddParameter): Name = "Case/Package"; Value = "0402"; VariantName = "[No Variations]"
Add component (AddParameter): Name = "Max Operating Temperature"; Value = "155°C"; VariantName = "[No Variations]"
Add component (AddParameter): Name = "Min Operating Temperature"; Value = "-55°C"; VariantName = "[No Variations]"
Add component (AddParameter): Name = "Mounting Technology"; Value = ""; VariantName = "[No Variations]"
Add component (AddParameter): Name = "Pins"; Value = "2"; VariantName = "[No Variations]"
Add component (AddParameter): Name = "Power"; Value = "63mW"; VariantName = "[No Variations]"
Add component (AddParameter): Name = "RoHS Compliant"; Value = ""; VariantName = "[No Variations]"
Add component (AddParameter): Name = "Tolerance"; Value = "1%"; VariantName = "[No Variations]"
Add component (AddParameter): Name = "Value"; Value = "22k"; VariantName = "[No Variations]"
Add component (AddParameter): Name = "Voltage Rating"; Value = ""; VariantName = "[No Variations]"
Added Component: Designator=R4(RESC0402(1005)_L)
Add component (AddParameter): Name = "Case/Package"; Value = "0402"; VariantName = "[No Variations]"
Add component (AddParameter): Name = "Max Operating Temperature"; Value = ""; VariantName = "[No Variations]"
Add component (AddParameter): Name = "Min Operating Temperature"; Value = ""; VariantName = "[No Variations]"
Add component (AddParameter): Name = "Mounting Technology"; Value = "SMT"; VariantName = "[No Variations]"
Add component (AddParameter): Name = "Pins"; Value = "2"; VariantName = "[No Variations]"
Add component (AddParameter): Name = "Power"; Value = "63mW"; VariantName = "[No Variations]"
Add component (AddParameter): Name = "RoHS Compliant"; Value = ""; VariantName = "[No Variations]"
Add component (AddParameter): Name = "Tolerance"; Value = "1%"; VariantName = "[No Variations]"
Add component (AddParameter): Name = "Value"; Value = "10k"; VariantName = "[No Variations]"
Add component (AddParameter): Name = "Voltage Rating"; Value = ""; VariantName = "[No Variations]"
Added Pin To Net: NetName=VBAT Pin=R3-1
Added Pin To Net: NetName=GND Pin=R4-1
Change Net Name : Old Net Name=NetC5_1 New Net Name=NetC7_1
Change Net Name : Old Net Name=NetC7_1 New Net Name=NetC5_1
Change Net Name : Old Net Name=NetU2_3 New Net Name=NetU1_19
Change Net Name : Old Net Name=NetU2_6 New Net Name=NetU1_20
Added Pin To Net: NetName=NetR3_2 Pin=R3-2
Added Pin To Net: NetName=NetR3_2 Pin=R4-2
Added Pin To Net: NetName=NetR3_2 Pin=U1-5
Added Net: Name=NetR3_2
Added Member To Class: ClassName=Energia Member=Component R3 Resistor 22K  +/-1 % 0402 63 mW
Added Member To Class: ClassName=Energia Member=Component R4 10KR2F
Added Member To Class: ClassName=Energia Member=Component U3 SN74HC86DR
