Removed Pin From Net: NetName=VBAT Pin=U3-3
Removed Pin From Net: NetName=VBAT Pin=U4-3
Removed Pin From Net: NetName=VBAT Pin=U5-3
Removed Pin From Net: NetName=VBAT Pin=U6-3
Add Component: Footprint Not Found RES0805
Add Component: Footprint Not Found RES0805
Add Pin To Net: Unknown Pin: Pin R5-1
Add Pin To Net: Unknown Pin: Pin R5-2
Add Pin To Net: Unknown Pin: Pin R6-1
Add Pin To Net: Unknown Pin: Pin R6-2
Added Pin To Net: NetName=NetJ1_4 Pin=U3-3
Added Pin To Net: NetName=NetJ2_4 Pin=U4-3
Added Pin To Net: NetName=NetJ1_5 Pin=U5-3
Added Pin To Net: NetName=NetJ2_5 Pin=U6-3
Change Net Name : Old Net Name=OU1 New Net Name=NetJ1_1
Change Net Name : Old Net Name=OU2 New Net Name=NetJ1_2
Change Net Name : Old Net Name=OU3 New Net Name=NetJ2_1
Change Net Name : Old Net Name=OU4 New Net Name=NetJ2_2
Add Class Member: Failed to add class member : Component R5 Res1
Add Class Member: Failed to add class member : Component R6 Res1
