Removed Pin From Net: NetName=EN1 Pin=U2-1
Removed Pin From Net: NetName=IN1 Pin=U2-2
Removed Pin From Net: NetName=NetJ1_1 Pin=U2-3
Removed Pin From Net: NetName=GND Pin=U2-4
Removed Pin From Net: NetName=GND Pin=U2-5
Removed Pin From Net: NetName=NetJ1_2 Pin=U2-6
Removed Pin From Net: NetName=IN2 Pin=U2-7
Removed Pin From Net: NetName=VBAT Pin=U2-8
Removed Pin From Net: NetName=EN2 Pin=U2-9
Removed Pin From Net: NetName=IN3 Pin=U2-10
Removed Pin From Net: NetName=NetJ2_1 Pin=U2-11
Removed Pin From Net: NetName=GND Pin=U2-12
Removed Pin From Net: NetName=GND Pin=U2-13
Removed Pin From Net: NetName=NetJ2_2 Pin=U2-14
Removed Pin From Net: NetName=IN4 Pin=U2-15
Removed Pin From Net: NetName=+5V Pin=U2-16
Removed Member From Class: ClassName=Energia Member=U2
Added Pin To Net: NetName=EN1 Pin=U?-1
Added Pin To Net: NetName=IN1 Pin=U?-2
Added Pin To Net: NetName=NetJ1_1 Pin=U?-3
Added Pin To Net: NetName=GND Pin=U?-4
Added Pin To Net: NetName=GND Pin=U?-5
Added Pin To Net: NetName=NetJ1_2 Pin=U?-6
Added Pin To Net: NetName=IN2 Pin=U?-7
Added Pin To Net: NetName=VBAT Pin=U?-8
Added Pin To Net: NetName=EN2 Pin=U?-9
Added Pin To Net: NetName=IN3 Pin=U?-10
Added Pin To Net: NetName=NetJ2_1 Pin=U?-11
Added Pin To Net: NetName=GND Pin=U?-12
Added Pin To Net: NetName=GND Pin=U?-13
Added Pin To Net: NetName=NetJ2_2 Pin=U?-14
Added Pin To Net: NetName=IN4 Pin=U?-15
Added Pin To Net: NetName=+5V Pin=U?-16
